# JRE version: Java(TM) SE Runtime Environment (8.0_341-b10) (build 1.8.0_341-b10)
# Java VM: Java HotSpot(TM) 64-Bit Server VM (25.341-b10 mixed mode windows-amd64 compressed oops)
Heap:
 PSYoungGen      total 1697280K, used 363053K [0x0000000708000000, 0x0000000777680000, 0x00000007c0000000)
  eden space 1678336K, 20% used [0x0000000708000000,0x000000071d0322e8,0x000000076e700000)
  from space 18944K, 99% used [0x0000000776400000,0x0000000777659470,0x0000000777680000)
  to   space 37888K, 0% used [0x0000000772c80000,0x0000000772c80000,0x0000000775180000)
 ParOldGen       total 1863168K, used 1385895K [0x0000000598000000, 0x0000000609b80000, 0x0000000708000000)
  object space 1863168K, 74% used [0x0000000598000000,0x00000005ec969dd0,0x0000000609b80000)
 Metaspace       used 246421K, capacity 258117K, committed 258240K, reserved 1263616K
  class space    used 40109K, capacity 43408K, committed 43520K, reserved 1048576K
GC Heap History (10 events):
Event: 4894.374 GC heap before
{Heap before GC invocations=770 (full 8):
 PSYoungGen      total 1745920K, used 1728615K [0x0000000708000000, 0x0000000776180000, 0x00000007c0000000)
  eden space 1704960K, 100% used [0x0000000708000000,0x0000000770100000,0x0000000770100000)
  from space 40960K, 57% used [0x0000000770100000,0x0000000771819df8,0x0000000772900000)
  to   space 39936K, 0% used [0x0000000773a80000,0x0000000773a80000,0x0000000776180000)
 ParOldGen       total 1863168K, used 1369072K [0x0000000598000000, 0x0000000609b80000, 0x0000000708000000)
  object space 1863168K, 73% used [0x0000000598000000,0x00000005eb8fc3a0,0x0000000609b80000)
 Metaspace       used 246313K, capacity 258027K, committed 258240K, reserved 1263616K
  class space    used 40101K, capacity 43401K, committed 43520K, reserved 1048576K
Event: 4894.386 GC heap after
Heap after GC invocations=770 (full 8):
 PSYoungGen      total 1763840K, used 28834K [0x0000000708000000, 0x0000000776180000, 0x00000007c0000000)
  eden space 1723904K, 0% used [0x0000000708000000,0x0000000708000000,0x0000000771380000)
  from space 39936K, 72% used [0x0000000773a80000,0x00000007756a8830,0x0000000776180000)
  to   space 39936K, 0% used [0x0000000771380000,0x0000000771380000,0x0000000773a80000)
 ParOldGen       total 1863168K, used 1369216K [0x0000000598000000, 0x0000000609b80000, 0x0000000708000000)
  object space 1863168K, 73% used [0x0000000598000000,0x00000005eb9203a0,0x0000000609b80000)
 Metaspace       used 246313K, capacity 258027K, committed 258240K, reserved 1263616K
  class space    used 40101K, capacity 43401K, committed 43520K, reserved 1048576K
}
Event: 4907.372 GC heap before
{Heap before GC invocations=771 (full 8):
 PSYoungGen      total 1763840K, used 1752738K [0x0000000708000000, 0x0000000776180000, 0x00000007c0000000)
  eden space 1723904K, 100% used [0x0000000708000000,0x0000000771380000,0x0000000771380000)
  from space 39936K, 72% used [0x0000000773a80000,0x00000007756a8830,0x0000000776180000)
  to   space 39936K, 0% used [0x0000000771380000,0x0000000771380000,0x0000000773a80000)
 ParOldGen       total 1863168K, used 1369216K [0x0000000598000000, 0x0000000609b80000, 0x0000000708000000)
  object space 1863168K, 73% used [0x0000000598000000,0x00000005eb9203a0,0x0000000609b80000)
 Metaspace       used 246389K, capacity 258117K, committed 258240K, reserved 1263616K
  class space    used 40109K, capacity 43408K, committed 43520K, reserved 1048576K
Event: 4907.386 GC heap after
Heap after GC invocations=771 (full 8):
 PSYoungGen      total 1763840K, used 25315K [0x0000000708000000, 0x0000000777200000, 0x00000007c0000000)
  eden space 1723904K, 0% used [0x0000000708000000,0x0000000708000000,0x0000000771380000)
  from space 39936K, 63% used [0x0000000771380000,0x0000000772c38ce0,0x0000000773a80000)
  to   space 38400K, 0% used [0x0000000774c80000,0x0000000774c80000,0x0000000777200000)
 ParOldGen       total 1863168K, used 1369640K [0x0000000598000000, 0x0000000609b80000, 0x0000000708000000)
  object space 1863168K, 73% used [0x0000000598000000,0x00000005eb98a3a0,0x0000000609b80000)
 Metaspace       used 246389K, capacity 258117K, committed 258240K, reserved 1263616K
  class space    used 40109K, capacity 43408K, committed 43520K, reserved 1048576K
}
Event: 4917.270 GC heap before
{Heap before GC invocations=772 (full 8):
 PSYoungGen      total 1763840K, used 1749219K [0x0000000708000000, 0x0000000777200000, 0x00000007c0000000)
  eden space 1723904K, 100% used [0x0000000708000000,0x0000000771380000,0x0000000771380000)
  from space 39936K, 63% used [0x0000000771380000,0x0000000772c38ce0,0x0000000773a80000)
  to   space 38400K, 0% used [0x0000000774c80000,0x0000000774c80000,0x0000000777200000)
 ParOldGen       total 1863168K, used 1369640K [0x0000000598000000, 0x0000000609b80000, 0x0000000708000000)
  object space 1863168K, 73% used [0x0000000598000000,0x00000005eb98a3a0,0x0000000609b80000)
 Metaspace       used 246391K, capacity 258117K, committed 258240K, reserved 1263616K
  class space    used 40109K, capacity 43408K, committed 43520K, reserved 1048576K
Event: 4917.292 GC heap after
Heap after GC invocations=772 (full 8):
 PSYoungGen      total 1781760K, used 14757K [0x0000000708000000, 0x0000000777800000, 0x00000007c0000000)
  eden space 1743360K, 0% used [0x0000000708000000,0x0000000708000000,0x0000000772680000)
  from space 38400K, 38% used [0x0000000774c80000,0x0000000775ae9450,0x0000000777200000)
  to   space 38912K, 0% used [0x0000000772680000,0x0000000772680000,0x0000000774c80000)
 ParOldGen       total 1863168K, used 1385527K [0x0000000598000000, 0x0000000609b80000, 0x0000000708000000)
  object space 1863168K, 74% used [0x0000000598000000,0x00000005ec90ddd0,0x0000000609b80000)
 Metaspace       used 246391K, capacity 258117K, committed 258240K, reserved 1263616K
  class space    used 40109K, capacity 43408K, committed 43520K, reserved 1048576K
}
Event: 4930.118 GC heap before
{Heap before GC invocations=773 (full 8):
 PSYoungGen      total 1781760K, used 1758117K [0x0000000708000000, 0x0000000777800000, 0x00000007c0000000)
  eden space 1743360K, 100% used [0x0000000708000000,0x0000000772680000,0x0000000772680000)
  from space 38400K, 38% used [0x0000000774c80000,0x0000000775ae9450,0x0000000777200000)
  to   space 38912K, 0% used [0x0000000772680000,0x0000000772680000,0x0000000774c80000)
 ParOldGen       total 1863168K, used 1385527K [0x0000000598000000, 0x0000000609b80000, 0x0000000708000000)
  object space 1863168K, 74% used [0x0000000598000000,0x00000005ec90ddd0,0x0000000609b80000)
 Metaspace       used 246419K, capacity 258117K, committed 258240K, reserved 1263616K
  class space    used 40109K, capacity 43408K, committed 43520K, reserved 1048576K
Event: 4930.132 GC heap after
Heap after GC invocations=773 (full 8):
 PSYoungGen      total 1782272K, used 17605K [0x0000000708000000, 0x0000000778980000, 0x00000007c0000000)
  eden space 1743360K, 0% used [0x0000000708000000,0x0000000708000000,0x0000000772680000)
  from space 38912K, 45% used [0x0000000772680000,0x00000007737b1480,0x0000000774c80000)
  to   space 38400K, 0% used [0x0000000776400000,0x0000000776400000,0x0000000778980000)
 ParOldGen       total 1863168K, used 1385823K [0x0000000598000000, 0x0000000609b80000, 0x0000000708000000)
  object space 1863168K, 74% used [0x0000000598000000,0x00000005ec957dd0,0x0000000609b80000)
 Metaspace       used 246419K, capacity 258117K, committed 258240K, reserved 1263616K
  class space    used 40109K, capacity 43408K, committed 43520K, reserved 1048576K
}
Event: 42425.349 GC heap before
{Heap before GC invocations=774 (full 8):
 PSYoungGen      total 1782272K, used 1760965K [0x0000000708000000, 0x0000000778980000, 0x00000007c0000000)
  eden space 1743360K, 100% used [0x0000000708000000,0x0000000772680000,0x0000000772680000)
  from space 38912K, 45% used [0x0000000772680000,0x00000007737b1480,0x0000000774c80000)
  to   space 38400K, 0% used [0x0000000776400000,0x0000000776400000,0x0000000778980000)
 ParOldGen       total 1863168K, used 1385823K [0x0000000598000000, 0x0000000609b80000, 0x0000000708000000)
  object space 1863168K, 74% used [0x0000000598000000,0x00000005ec957dd0,0x0000000609b80000)
 Metaspace       used 246421K, capacity 258117K, committed 258240K, reserved 1263616K
  class space    used 40109K, capacity 43408K, committed 43520K, reserved 1048576K
Event: 42425.399 GC heap after
Heap after GC invocations=774 (full 8):
 PSYoungGen      total 1697280K, used 18789K [0x0000000708000000, 0x0000000777680000, 0x00000007c0000000)
  eden space 1678336K, 0% used [0x0000000708000000,0x0000000708000000,0x000000076e700000)
  from space 18944K, 99% used [0x0000000776400000,0x0000000777659470,0x0000000777680000)
  to   space 37888K, 0% used [0x0000000772c80000,0x0000000772c80000,0x0000000775180000)
 ParOldGen       total 1863168K, used 1385895K [0x0000000598000000, 0x0000000609b80000, 0x0000000708000000)
  object space 1863168K, 74% used [0x0000000598000000,0x00000005ec969dd0,0x0000000609b80000)
 Metaspace       used 246421K, capacity 258117K, committed 258240K, reserved 1263616K
  class space    used 40109K, capacity 43408K, committed 43520K, reserved 1048576K
}

